\BOOKMARK [0][-]{dummy.1}{\376\377\000A\000b\000s\000t\000r\000a\000c\000t}{}% 1
\BOOKMARK [0][-]{dummy.2}{\376\377\000A\000c\000k\000n\000o\000w\000l\000e\000d\000g\000e\000m\000e\000n\000t\000s}{}% 2
\BOOKMARK [0][-]{dummy.4}{\376\377\000L\000i\000s\000t\000\040\000o\000f\000\040\000F\000i\000g\000u\000r\000e\000s}{}% 3
\BOOKMARK [0][-]{dummy.6}{\376\377\000L\000i\000s\000t\000\040\000o\000f\000\040\000T\000a\000b\000l\000e\000s}{}% 4
\BOOKMARK [0][-]{dummy.8}{\376\377\000A\000b\000b\000r\000e\000v\000i\000a\000t\000i\000o\000n\000s}{}% 5
\BOOKMARK [0][-]{chapter.11}{\376\377\0001\000\040\000I\000n\000t\000r\000o\000d\000u\000c\000t\000i\000o\000n}{}% 6
\BOOKMARK [1][-]{section.12}{\376\377\0001\000.\0001\000\040\000H\000e\000a\000l\000t\000h\000\040\000b\000u\000r\000d\000e\000n\000\040\000o\000f\000\040\000c\000o\000r\000o\000n\000a\000r\000y\000\040\000a\000r\000t\000e\000r\000y\000\040\000d\000i\000s\000e\000a\000s\000e}{chapter.11}% 7
\BOOKMARK [1][-]{section.13}{\376\377\0001\000.\0002\000\040\000P\000a\000t\000h\000o\000p\000h\000y\000s\000i\000o\000l\000o\000g\000y\000\040\000o\000f\000\040\000m\000y\000o\000c\000a\000r\000d\000i\000a\000l\000\040\000i\000n\000f\000a\000r\000c\000t\000i\000o\000n}{chapter.11}% 8
\BOOKMARK [1][-]{section.14}{\376\377\0001\000.\0003\000\040\000T\000h\000e\000\040\000e\000l\000e\000c\000t\000r\000o\000d\000c\000a\000r\000d\000i\000o\000g\000r\000a\000m\000\040\000a\000n\000d\000\040\000A\000M\000I}{chapter.11}% 9
\BOOKMARK [1][-]{section.18}{\376\377\0001\000.\0004\000\040\000T\000r\000e\000a\000t\000m\000e\000n\000t\000\040\000o\000f\000\040\000S\000T\000E\000M\000I}{chapter.11}% 10
\BOOKMARK [1][-]{section.19}{\376\377\0001\000.\0005\000\040\000C\000o\000m\000p\000u\000t\000e\000r\000\040\000i\000n\000t\000e\000r\000p\000r\000e\000t\000a\000t\000i\000o\000n\000\040\000o\000f\000\040\000E\000C\000G\000s}{chapter.11}% 11
\BOOKMARK [2][-]{subsection.26}{\376\377\0001\000.\0005\000.\0001\000\040\000E\000C\000G\000\040\000s\000t\000a\000n\000d\000a\000r\000d\000s}{section.19}% 12
\BOOKMARK [2][-]{subsection.28}{\376\377\0001\000.\0005\000.\0002\000\040\000C\000o\000m\000p\000u\000t\000e\000r\000\040\000i\000n\000t\000e\000r\000p\000r\000e\000t\000a\000t\000i\000o\000n\000\040\000a\000l\000g\000o\000r\000i\000t\000h\000m\000s}{section.19}% 13
\BOOKMARK [2][-]{subsection.29}{\376\377\0001\000.\0005\000.\0003\000\040\000V\000a\000l\000i\000d\000a\000t\000i\000o\000n\000\040\000o\000f\000\040\000E\000C\000G\000\040\000a\000l\000g\000o\000r\000i\000t\000h\000m\000s}{section.19}% 14
\BOOKMARK [1][-]{section.30}{\376\377\0001\000.\0006\000\040\000R\000e\000c\000o\000g\000n\000i\000t\000i\000o\000n\000\040\000o\000f\000\040\000S\000T\000E\000M\000I\000\040\000b\000y\000\040\000p\000a\000r\000a\000m\000e\000d\000i\000c\000s}{chapter.11}% 15
\BOOKMARK [1][-]{section.37}{\376\377\0001\000.\0007\000\040\000C\000o\000n\000s\000e\000q\000u\000e\000n\000c\000e\000s\000\040\000o\000f\000\040\000f\000a\000l\000s\000e\000\040\000n\000e\000g\000a\000t\000i\000v\000e\000s\000\040\000a\000n\000d\000\040\000p\000o\000s\000i\000t\000i\000v\000e\000s}{chapter.11}% 16
\BOOKMARK [1][-]{section.38}{\376\377\0001\000.\0008\000\040\000R\000e\000s\000e\000a\000r\000c\000h\000\040\000f\000o\000c\000u\000s}{chapter.11}% 17
\BOOKMARK [0][-]{chapter.39}{\376\377\0002\000\040\000L\000i\000t\000e\000r\000a\000t\000u\000r\000e\000\040\000r\000e\000v\000i\000e\000w}{}% 18
\BOOKMARK [1][-]{section.40}{\376\377\0002\000.\0001\000\040\000S\000e\000a\000r\000c\000h\000\040\000s\000t\000r\000a\000t\000e\000g\000y}{chapter.39}% 19
\BOOKMARK [1][-]{section.42}{\376\377\0002\000.\0002\000\040\000I\000n\000c\000l\000u\000s\000i\000o\000n\000\040\000a\000n\000d\000\040\000e\000x\000c\000l\000u\000s\000i\000o\000n\000\040\000c\000r\000i\000t\000e\000r\000i\000a}{chapter.39}% 20
\BOOKMARK [1][-]{section.43}{\376\377\0002\000.\0003\000\040\000A\000s\000s\000e\000s\000s\000m\000e\000n\000t\000\040\000o\000f\000\040\000q\000u\000a\000l\000i\000t\000y}{chapter.39}% 21
\BOOKMARK [1][-]{section.47}{\376\377\0002\000.\0004\000\040\000D\000a\000t\000a\000\040\000e\000x\000t\000r\000a\000c\000t\000i\000o\000n}{chapter.39}% 22
\BOOKMARK [1][-]{section.48}{\376\377\0002\000.\0005\000\040\000R\000e\000s\000u\000l\000t\000s}{chapter.39}% 23
\BOOKMARK [2][-]{subsection.50}{\376\377\0002\000.\0005\000.\0001\000\040\000D\000e\000s\000c\000r\000i\000p\000t\000i\000o\000n\000\040\000o\000f\000\040\000s\000t\000u\000d\000i\000e\000s}{section.48}% 24
\BOOKMARK [3][-]{subsubsection.53}{\376\377\0002\000.\0005\000.\0001\000.\0001\000\040\000P\000a\000r\000a\000m\000e\000d\000i\000c\000\040\000s\000t\000u\000d\000i\000e\000s}{subsection.50}% 25
\BOOKMARK [3][-]{subsubsection.54}{\376\377\0002\000.\0005\000.\0001\000.\0002\000\040\000D\000o\000c\000t\000o\000r\000\040\000s\000t\000u\000d\000i\000e\000s}{subsection.50}% 26
\BOOKMARK [2][-]{subsection.55}{\376\377\0002\000.\0005\000.\0002\000\040\000M\000e\000t\000h\000o\000d\000o\000l\000o\000g\000i\000c\000a\000l\000\040\000q\000u\000a\000l\000i\000t\000y}{section.48}% 27
\BOOKMARK [3][-]{subsubsection.56}{\376\377\0002\000.\0005\000.\0002\000.\0001\000\040\000V\000a\000l\000i\000d\000i\000t\000y}{subsection.55}% 28
\BOOKMARK [3][-]{subsubsection.57}{\376\377\0002\000.\0005\000.\0002\000.\0002\000\040\000R\000e\000s\000u\000l\000t\000s}{subsection.55}% 29
\BOOKMARK [3][-]{subsubsection.58}{\376\377\0002\000.\0005\000.\0002\000.\0003\000\040\000C\000o\000n\000t\000e\000x\000t}{subsection.55}% 30
\BOOKMARK [0][-]{chapter.59}{\376\377\0003\000\040\000R\000E\000S\000P\000E\000C\000T\000\040\000s\000t\000u\000d\000y\000\040\000a\000n\000d\000\040\000p\000i\000l\000o\000t}{}% 31
\BOOKMARK [1][-]{section.60}{\376\377\0003\000.\0001\000\040\000A\000i\000m\000s\000\040\000a\000n\000d\000\040\000o\000b\000j\000e\000c\000t\000i\000v\000e\000s}{chapter.59}% 32
\BOOKMARK [1][-]{section.61}{\376\377\0003\000.\0002\000\040\000V\000a\000l\000u\000e\000\040\000o\000f\000\040\000t\000h\000i\000s\000\040\000r\000e\000s\000e\000a\000r\000c\000h}{chapter.59}% 33
\BOOKMARK [0][-]{chapter.62}{\376\377\0004\000\040\000R\000e\000s\000e\000a\000r\000c\000h\000\040\000m\000e\000t\000h\000o\000d\000s}{}% 34
\BOOKMARK [1][-]{section.63}{\376\377\0004\000.\0001\000\040\000S\000t\000u\000d\000y\000\040\000d\000e\000s\000i\000g\000n}{chapter.62}% 35
\BOOKMARK [1][-]{section.65}{\376\377\0004\000.\0002\000\040\0001\0002\000-\000l\000e\000a\000d\000\040\000e\000l\000e\000c\000t\000r\000o\000c\000a\000r\000d\000i\000o\000g\000r\000a\000m\000s}{chapter.62}% 36
\BOOKMARK [2][-]{subsection.66}{\376\377\0004\000.\0002\000.\0001\000\040\000R\000e\000f\000e\000r\000e\000n\000c\000e\000\040\000s\000t\000a\000n\000d\000a\000r\000d}{section.65}% 37
\BOOKMARK [1][-]{section.67}{\376\377\0004\000.\0003\000\040\000P\000a\000r\000t\000i\000c\000i\000p\000a\000n\000t\000s}{chapter.62}% 38
\BOOKMARK [1][-]{section.68}{\376\377\0004\000.\0004\000\040\000R\000e\000c\000r\000u\000i\000t\000m\000e\000n\000t}{chapter.62}% 39
\BOOKMARK [1][-]{section.73}{\376\377\0004\000.\0005\000\040\000E\000t\000h\000i\000c\000a\000l\000\040\000c\000o\000n\000c\000e\000r\000n\000s}{chapter.62}% 40
\BOOKMARK [1][-]{section.74}{\376\377\0004\000.\0006\000\040\000I\000n\000f\000o\000r\000m\000e\000d\000\040\000c\000o\000n\000s\000e\000n\000t}{chapter.62}% 41
\BOOKMARK [1][-]{section.76}{\376\377\0004\000.\0007\000\040\000R\000e\000s\000e\000a\000r\000c\000h\000\040\000t\000o\000o\000l}{chapter.62}% 42
\BOOKMARK [2][-]{subsection.84}{\376\377\0004\000.\0007\000.\0001\000\040\000R\000a\000n\000d\000o\000m\000i\000s\000a\000t\000i\000o\000n}{section.76}% 43
\BOOKMARK [1][-]{section.86}{\376\377\0004\000.\0008\000\040\000P\000r\000o\000c\000e\000d\000u\000r\000e}{chapter.62}% 44
\BOOKMARK [1][-]{section.93}{\376\377\0004\000.\0009\000\040\000A\000n\000a\000l\000y\000s\000i\000s\000\040\000p\000l\000a\000n}{chapter.62}% 45
\BOOKMARK [2][-]{subsection.94}{\376\377\0004\000.\0009\000.\0001\000\040\000D\000a\000t\000a\000\040\000c\000h\000e\000c\000k\000i\000n\000g}{section.93}% 46
\BOOKMARK [2][-]{subsection.95}{\376\377\0004\000.\0009\000.\0002\000\040\000M\000i\000s\000s\000i\000n\000g\000\040\000d\000a\000t\000a}{section.93}% 47
\BOOKMARK [2][-]{subsection.96}{\376\377\0004\000.\0009\000.\0003\000\040\000D\000a\000t\000a\000\040\000d\000e\000s\000c\000r\000i\000p\000t\000i\000o\000n}{section.93}% 48
\BOOKMARK [2][-]{subsection.97}{\376\377\0004\000.\0009\000.\0004\000\040\000P\000a\000r\000t\000i\000c\000i\000p\000a\000n\000t\000s}{section.93}% 49
\BOOKMARK [2][-]{subsection.98}{\376\377\0004\000.\0009\000.\0005\000\040\000E\000l\000e\000c\000t\000r\000o\000c\000a\000r\000d\000i\000o\000g\000r\000a\000m\000s}{section.93}% 50
\BOOKMARK [2][-]{subsection.99}{\376\377\0004\000.\0009\000.\0006\000\040\000D\000a\000t\000a\000\040\000a\000n\000a\000l\000y\000s\000i\000s}{section.93}% 51
\BOOKMARK [3][-]{subsubsection.102}{\376\377\0004\000.\0009\000.\0006\000.\0001\000\040\000H\000y\000p\000o\000t\000h\000e\000s\000e\000s}{subsection.99}% 52
\BOOKMARK [3][-]{subsubsection.103}{\376\377\0004\000.\0009\000.\0006\000.\0002\000\040\000G\000e\000n\000e\000r\000a\000l\000i\000s\000e\000d\000\040\000l\000i\000n\000e\000a\000r\000\040\000m\000o\000d\000e\000l\000l\000i\000n\000g}{subsection.99}% 53
\BOOKMARK [3][-]{subsubsection.104}{\376\377\0004\000.\0009\000.\0006\000.\0003\000\040\000G\000e\000n\000e\000r\000a\000l\000i\000s\000e\000d\000\040\000l\000i\000n\000e\000a\000r\000\040\000m\000o\000d\000e\000l\000l\000i\000n\000g\000\040\000w\000i\000t\000h\000\040\000r\000a\000n\000d\000o\000m\000\040\000e\000f\000f\000e\000c\000t\000s}{subsection.99}% 54
\BOOKMARK [3][-]{subsubsection.105}{\376\377\0004\000.\0009\000.\0006\000.\0004\000\040\000I\000n\000t\000r\000a\000-\000c\000l\000a\000s\000s\000\040\000c\000o\000r\000r\000e\000l\000a\000t\000i\000o\000n\000\040\000c\000o\000e\000f\000f\000i\000c\000i\000e\000n\000t\000s}{subsection.99}% 55
\BOOKMARK [3][-]{subsubsection.106}{\376\377\0004\000.\0009\000.\0006\000.\0005\000\040\000I\000n\000c\000e\000n\000t\000i\000v\000e\000s}{subsection.99}% 56
\BOOKMARK [1][-]{section.107}{\376\377\0004\000.\0001\0000\000\040\000L\000i\000m\000i\000t\000a\000t\000i\000o\000n\000s\000\040\000a\000n\000d\000\040\000p\000o\000t\000e\000n\000t\000i\000a\000l\000\040\000p\000r\000o\000b\000l\000e\000m\000s}{chapter.62}% 57
\BOOKMARK [1][-]{section.111}{\376\377\0004\000.\0001\0001\000\040\000M\000e\000t\000h\000o\000d\000s\000\040\000o\000f\000\040\000d\000i\000s\000s\000e\000m\000i\000n\000a\000t\000i\000o\000n}{chapter.62}% 58
\BOOKMARK [1][-]{section.113}{\376\377\0004\000.\0001\0002\000\040\000T\000i\000m\000e\000t\000a\000b\000l\000e}{chapter.62}% 59
\BOOKMARK [0][-]{chapter.115}{\376\377\0005\000\040\000R\000e\000s\000u\000l\000t\000s}{}% 60
\BOOKMARK [1][-]{section.116}{\376\377\0005\000.\0001\000\040\000P\000a\000r\000t\000i\000c\000i\000p\000a\000n\000t\000s}{chapter.115}% 61
\BOOKMARK [2][-]{subsection.123}{\376\377\0005\000.\0001\000.\0001\000\040\000I\000n\000c\000e\000n\000t\000i\000v\000e\000s}{section.116}% 62
\BOOKMARK [1][-]{section.125}{\376\377\0005\000.\0002\000\040\000E\000l\000e\000c\000t\000r\000o\000c\000a\000r\000d\000i\000o\000g\000r\000a\000m\000s}{chapter.115}% 63
\BOOKMARK [1][-]{section.131}{\376\377\0005\000.\0003\000\040\000A\000c\000c\000u\000r\000a\000c\000y}{chapter.115}% 64
\BOOKMARK [1][-]{section.135}{\376\377\0005\000.\0004\000\040\000S\000e\000n\000s\000i\000t\000i\000v\000i\000t\000y\000\040\000a\000n\000d\000\040\000s\000p\000e\000c\000i\000f\000i\000c\000i\000t\000y}{chapter.115}% 65
\BOOKMARK [1][-]{section.137}{\376\377\0005\000.\0005\000\040\000I\000n\000t\000r\000a\000-\000c\000l\000a\000s\000s\000\040\000c\000o\000r\000r\000e\000l\000a\000t\000i\000o\000n\000\040\000c\000o\000e\000f\000f\000i\000c\000i\000e\000n\000t}{chapter.115}% 66
\BOOKMARK [1][-]{section.138}{\376\377\0005\000.\0006\000\040\000G\000e\000n\000e\000r\000a\000l\000i\000s\000e\000d\000\040\000l\000i\000n\000e\000a\000r\000\040\000m\000o\000d\000e\000l\000l\000i\000n\000g\000\040\000r\000e\000s\000u\000l\000t\000s}{chapter.115}% 67
\BOOKMARK [0][-]{chapter.142}{\376\377\0006\000\040\000D\000i\000s\000c\000u\000s\000s\000i\000o\000n}{}% 68
\BOOKMARK [1][-]{section.143}{\376\377\0006\000.\0001\000\040\000S\000u\000m\000m\000a\000r\000y\000\040\000o\000f\000\040\000m\000a\000i\000n\000\040\000f\000i\000n\000d\000i\000n\000g\000s}{chapter.142}% 69
\BOOKMARK [1][-]{section.144}{\376\377\0006\000.\0002\000\040\000I\000n\000t\000e\000r\000p\000r\000e\000t\000a\000t\000i\000o\000n}{chapter.142}% 70
\BOOKMARK [1][-]{section.145}{\376\377\0006\000.\0003\000\040\000C\000o\000n\000t\000e\000x\000t}{chapter.142}% 71
\BOOKMARK [1][-]{section.147}{\376\377\0006\000.\0004\000\040\000S\000t\000r\000e\000n\000g\000t\000h\000s\000\040\000a\000n\000d\000\040\000l\000i\000m\000i\000t\000a\000t\000i\000o\000n\000s}{chapter.142}% 72
\BOOKMARK [1][-]{section.148}{\376\377\0006\000.\0005\000\040\000I\000m\000p\000l\000i\000c\000a\000t\000i\000o\000n\000s\000\040\000f\000o\000r\000\040\000p\000r\000a\000c\000t\000i\000c\000e}{chapter.142}% 73
\BOOKMARK [1][-]{section.149}{\376\377\0006\000.\0006\000\040\000F\000u\000t\000u\000r\000e\000\040\000r\000e\000s\000e\000a\000r\000c\000h}{chapter.142}% 74
\BOOKMARK [0][-]{chapter.150}{\376\377\0007\000\040\000C\000o\000n\000c\000l\000u\000s\000i\000o\000n}{}% 75
\BOOKMARK [0][-]{appendix.151}{\376\377\000A\000\040\000S\000u\000m\000m\000a\000r\000y\000\040\000o\000f\000\040\000s\000t\000u\000d\000y\000\040\000E\000C\000G\000s}{}% 76
\BOOKMARK [0][-]{appendix.153}{\376\377\000B\000\040\000M\000L\000W\000i\000n\000\040\000d\000a\000t\000a\000\040\000a\000n\000a\000l\000y\000s\000i\000s\000\040\000m\000e\000t\000h\000o\000d}{}% 77
\BOOKMARK [0][-]{appendix.168}{\376\377\000C\000\040\000Y\000A\000S\000\040\000r\000e\000s\000e\000a\000r\000c\000h\000\040\000a\000n\000d\000\040\000d\000e\000v\000e\000l\000o\000p\000m\000e\000n\000t\000\040\000a\000p\000p\000r\000o\000v\000a\000l}{}% 78
\BOOKMARK [0][-]{appendix.171}{\376\377\000D\000\040\000U\000n\000i\000v\000e\000r\000s\000i\000t\000y\000\040\000e\000t\000h\000i\000c\000s\000\040\000a\000p\000p\000r\000o\000v\000a\000l}{}% 79
\BOOKMARK [0][-]{appendix.173}{\376\377\000E\000\040\000R\000e\000s\000e\000a\000r\000c\000h\000\040\000g\000o\000v\000e\000r\000n\000a\000n\000c\000e\000\040\000s\000p\000o\000n\000s\000o\000r\000s\000h\000i\000p\000\040\000c\000o\000n\000f\000i\000r\000m\000a\000t\000i\000o\000n}{}% 80
\BOOKMARK [0][-]{appendix.175}{\376\377\000F\000\040\000R\000i\000s\000k\000\040\000a\000s\000s\000e\000s\000s\000m\000e\000n\000t\000\040\000f\000o\000r\000m}{}% 81
\BOOKMARK [0][-]{appendix.178}{\376\377\000G\000\040\000P\000a\000r\000t\000i\000c\000i\000p\000a\000n\000t\000\040\000i\000n\000f\000o\000r\000m\000a\000t\000i\000o\000n\000\040\000s\000h\000e\000e\000t}{}% 82
\BOOKMARK [0][-]{appendix.181}{\376\377\000H\000\040\000S\000u\000m\000m\000a\000r\000y\000\040\000t\000a\000b\000l\000e\000s\000\040\000o\000f\000\040\000p\000a\000r\000t\000i\000c\000i\000p\000a\000n\000t\000\040\000r\000e\000s\000p\000o\000n\000s\000e\000s\000\040\000t\000o\000\040\000i\000n\000d\000i\000v\000i\000d\000u\000a\000l\000\040\000E\000C\000G\000s}{}% 83
\BOOKMARK [0][-]{appendix.184}{\376\377\000I\000\040\000R\000\040\000s\000t\000a\000t\000i\000s\000t\000i\000c\000s\000\040\000a\000n\000a\000l\000y\000s\000i\000s\000\040\000s\000c\000r\000i\000p\000t}{}% 84
\BOOKMARK [0][-]{dummy.207}{\376\377\000R\000e\000f\000e\000r\000e\000n\000c\000e\000s}{}% 85
