This is pdfTeX, Version 3.1415926-2.4-1.40.13 (TeX Live 2012) (format=pdflatex 2013.4.11)  5 NOV 2013 18:49
entering extended mode
 restricted \write18 enabled.
 file:line:error style messages enabled.
 %&-line parsing enabled.
**Thesis.tex
(./Thesis.tex
LaTeX2e <2011/06/27>
Babel <v3.8m> and hyphenation patterns for english, dumylang, nohyphenation, ge
rman-x-2012-05-30, ngerman-x-2012-05-30, afrikaans, ancientgreek, ibycus, arabi
c, armenian, basque, bulgarian, catalan, pinyin, coptic, croatian, czech, danis
h, dutch, ukenglish, usenglishmax, esperanto, estonian, ethiopic, farsi, finnis
h, french, friulan, galician, german, ngerman, swissgerman, monogreek, greek, h
ungarian, icelandic, assamese, bengali, gujarati, hindi, kannada, malayalam, ma
rathi, oriya, panjabi, tamil, telugu, indonesian, interlingua, irish, italian, 
kurmanji, latin, latvian, lithuanian, mongolian, mongolianlmc, bokmal, nynorsk,
 polish, portuguese, romanian, romansh, russian, sanskrit, serbian, serbianc, s
lovak, slovenian, spanish, swedish, turkish, turkmen, ukrainian, uppersorbian, 
welsh, loaded.
(./Thesis.cls
Document Class: Thesis 2007/22/02 v1.0 LaTeX document class
(/usr/local/texlive/2012/texmf-dist/tex/latex/base/book.cls
Document Class: book 2007/10/19 v1.4h Standard LaTeX document class
(/usr/local/texlive/2012/texmf-dist/tex/latex/base/bk11.clo
File: bk11.clo 2007/10/19 v1.4h Standard LaTeX file (size option)
)
\c@part=\count79
\c@chapter=\count80
\c@section=\count81
\c@subsection=\count82
\c@subsubsection=\count83
\c@paragraph=\count84
\c@subparagraph=\count85
\c@figure=\count86
\c@table=\count87
\abovecaptionskip=\skip41
\belowcaptionskip=\skip42
\bibindent=\dimen102
)
(/usr/local/texlive/2012/texmf-dist/tex/latex/tools/afterpage.sty
Package: afterpage 1995/10/27 v1.08 After-Page Package (DPC)
\AP@output=\toks14
\AP@partial=\box26
\AP@footins=\box27
)
(/usr/local/texlive/2012/texmf-dist/tex/latex/setspace/setspace.sty
Package: setspace 2011/12/19 v6.7a set line spacing
)
(/usr/local/texlive/2012/texmf-dist/tex/latex/vmargin/vmargin.sty
Package: vmargin 2004/07/15 V2.5 set document margins (VK)

Package: vmargin 2004/07/15 V2.5 set document margins (VK)
\PaperWidth=\dimen103
\PaperHeight=\dimen104
) (/usr/local/texlive/2012/texmf-dist/tex/latex/fancyhdr/fancyhdr.sty
\fancy@headwidth=\skip43
\f@ncyO@elh=\skip44
\f@ncyO@erh=\skip45
\f@ncyO@olh=\skip46
\f@ncyO@orh=\skip47
\f@ncyO@elf=\skip48
\f@ncyO@erf=\skip49
\f@ncyO@olf=\skip50
\f@ncyO@orf=\skip51
)
(/usr/local/texlive/2012/texmf-dist/tex/latex/amsmath/amsmath.sty
Package: amsmath 2000/07/18 v2.13 AMS math features
\@mathmargin=\skip52

For additional information on amsmath, use the `?' option.
(/usr/local/texlive/2012/texmf-dist/tex/latex/amsmath/amstext.sty
Package: amstext 2000/06/29 v2.01

(/usr/local/texlive/2012/texmf-dist/tex/latex/amsmath/amsgen.sty
File: amsgen.sty 1999/11/30 v2.0
\@emptytoks=\toks15
\ex@=\dimen105
))
(/usr/local/texlive/2012/texmf-dist/tex/latex/amsmath/amsbsy.sty
Package: amsbsy 1999/11/29 v1.2d
\pmbraise@=\dimen106
)
(/usr/local/texlive/2012/texmf-dist/tex/latex/amsmath/amsopn.sty
Package: amsopn 1999/12/14 v2.01 operator names
)
\inf@bad=\count88
LaTeX Info: Redefining \frac on input line 211.
\uproot@=\count89
\leftroot@=\count90
LaTeX Info: Redefining \overline on input line 307.
\classnum@=\count91
\DOTSCASE@=\count92
LaTeX Info: Redefining \ldots on input line 379.
LaTeX Info: Redefining \dots on input line 382.
LaTeX Info: Redefining \cdots on input line 467.
\Mathstrutbox@=\box28
\strutbox@=\box29
\big@size=\dimen107
LaTeX Font Info:    Redeclaring font encoding OML on input line 567.
LaTeX Font Info:    Redeclaring font encoding OMS on input line 568.
\macc@depth=\count93
\c@MaxMatrixCols=\count94
\dotsspace@=\muskip10
\c@parentequation=\count95
\dspbrk@lvl=\count96
\tag@help=\toks16
\row@=\count97
\column@=\count98
\maxfields@=\count99
\andhelp@=\toks17
\eqnshift@=\dimen108
\alignsep@=\dimen109
\tagshift@=\dimen110
\tagwidth@=\dimen111
\totwidth@=\dimen112
\lineht@=\dimen113
\@envbody=\toks18
\multlinegap=\skip53
\multlinetaggap=\skip54
\mathdisplay@stack=\toks19
LaTeX Info: Redefining \[ on input line 2666.
LaTeX Info: Redefining \] on input line 2667.
)
(/usr/local/texlive/2012/texmf-dist/tex/latex/amsfonts/amsfonts.sty
Package: amsfonts 2009/06/22 v3.00 Basic AMSFonts support
\symAMSa=\mathgroup4
\symAMSb=\mathgroup5
LaTeX Font Info:    Overwriting math alphabet `\mathfrak' in version `bold'
(Font)                  U/euf/m/n --> U/euf/b/n on input line 96.
)
(/usr/local/texlive/2012/texmf-dist/tex/latex/amsfonts/amssymb.sty
Package: amssymb 2009/06/22 v3.00
)
(/usr/local/texlive/2012/texmf-dist/tex/latex/amsmath/amscd.sty
Package: amscd 1999/11/29 v1.2d
\athelp@=\toks20
\minaw@=\dimen114
\bigaw@=\dimen115
\minCDarrowwidth=\dimen116
)
(/usr/local/texlive/2012/texmf-dist/tex/latex/amscls/amsthm.sty
Package: amsthm 2009/07/02 v2.20.1
\thm@style=\toks21
\thm@bodyfont=\toks22
\thm@headfont=\toks23
\thm@notefont=\toks24
\thm@headpunct=\toks25
\thm@preskip=\skip55
\thm@postskip=\skip56
\thm@headsep=\skip57
\dth@everypar=\toks26
)
(/usr/local/texlive/2012/texmf-dist/tex/latex/tools/xspace.sty
Package: xspace 2009/10/20 v1.13 Space after command names (DPC,MH)
)
\c@example=\count100
\c@theorem=\count101

(/usr/local/texlive/2012/texmf-dist/tex/latex/caption/caption.sty
Package: caption 2012/02/19 v3.2f Customizing captions (AR)

(/usr/local/texlive/2012/texmf-dist/tex/latex/caption/caption3.sty
Package: caption3 2012/01/12 v1.4b caption3 kernel (AR)

(/usr/local/texlive/2012/texmf-dist/tex/latex/graphics/keyval.sty
Package: keyval 1999/03/16 v1.13 key=value parser (DPC)
\KV@toks@=\toks27
)
\captionmargin=\dimen117
\captionmargin@=\dimen118
\captionwidth=\dimen119
\caption@indent=\dimen120
\caption@parindent=\dimen121
\caption@hangindent=\dimen122
)
\c@ContinuedFloat=\count102
)
(/usr/local/texlive/2012/texmf-dist/tex/latex/graphics/graphicx.sty
Package: graphicx 1999/02/16 v1.0f Enhanced LaTeX Graphics (DPC,SPQR)

(/usr/local/texlive/2012/texmf-dist/tex/latex/graphics/graphics.sty
Package: graphics 2009/02/05 v1.0o Standard LaTeX Graphics (DPC,SPQR)

(/usr/local/texlive/2012/texmf-dist/tex/latex/graphics/trig.sty
Package: trig 1999/03/16 v1.09 sin cos tan (DPC)
)
(/usr/local/texlive/2012/texmf-dist/tex/latex/latexconfig/graphics.cfg
File: graphics.cfg 2010/04/23 v1.9 graphics configuration of TeX Live
)
Package graphics Info: Driver file: pdftex.def on input line 91.

(/usr/local/texlive/2012/texmf-dist/tex/latex/pdftex-def/pdftex.def
File: pdftex.def 2011/05/27 v0.06d Graphics/color for pdfTeX

(/usr/local/texlive/2012/texmf-dist/tex/generic/oberdiek/infwarerr.sty
Package: infwarerr 2010/04/08 v1.3 Providing info/warning/error messages (HO)
)
(/usr/local/texlive/2012/texmf-dist/tex/generic/oberdiek/ltxcmds.sty
Package: ltxcmds 2011/11/09 v1.22 LaTeX kernel commands for general use (HO)
)
\Gread@gobject=\count103
))
\Gin@req@height=\dimen123
\Gin@req@width=\dimen124
)
(/usr/local/texlive/2012/texmf-dist/tex/latex/oberdiek/epstopdf.sty
Package: epstopdf 2010/02/09 v2.5 Conversion with epstopdf on the fly (HO)

(/usr/local/texlive/2012/texmf-dist/tex/latex/oberdiek/epstopdf-base.sty
Package: epstopdf-base 2010/02/09 v2.5 Base part for package epstopdf

(/usr/local/texlive/2012/texmf-dist/tex/latex/oberdiek/grfext.sty
Package: grfext 2010/08/19 v1.1 Manage graphics extensions (HO)

(/usr/local/texlive/2012/texmf-dist/tex/generic/oberdiek/kvdefinekeys.sty
Package: kvdefinekeys 2011/04/07 v1.3 Define keys (HO)
))
(/usr/local/texlive/2012/texmf-dist/tex/latex/oberdiek/kvoptions.sty
Package: kvoptions 2011/06/30 v3.11 Key value format for package options (HO)

(/usr/local/texlive/2012/texmf-dist/tex/generic/oberdiek/kvsetkeys.sty
Package: kvsetkeys 2012/04/25 v1.16 Key value parser (HO)

(/usr/local/texlive/2012/texmf-dist/tex/generic/oberdiek/etexcmds.sty
Package: etexcmds 2011/02/16 v1.5 Avoid name clashes with e-TeX commands (HO)

(/usr/local/texlive/2012/texmf-dist/tex/generic/oberdiek/ifluatex.sty
Package: ifluatex 2010/03/01 v1.3 Provides the ifluatex switch (HO)
Package ifluatex Info: LuaTeX not detected.
)
Package etexcmds Info: Could not find \expanded.
(etexcmds)             That can mean that you are not using pdfTeX 1.50 or
(etexcmds)             that some package has redefined \expanded.
(etexcmds)             In the latter case, load this package earlier.
)))
(/usr/local/texlive/2012/texmf-dist/tex/generic/oberdiek/pdftexcmds.sty
Package: pdftexcmds 2011/11/29 v0.20 Utility functions of pdfTeX for LuaTeX (HO
)

(/usr/local/texlive/2012/texmf-dist/tex/generic/oberdiek/ifpdf.sty
Package: ifpdf 2011/01/30 v2.3 Provides the ifpdf switch (HO)
Package ifpdf Info: pdfTeX in PDF mode is detected.
)
Package pdftexcmds Info: LuaTeX not detected.
Package pdftexcmds Info: \pdf@primitive is available.
Package pdftexcmds Info: \pdf@ifprimitive is available.
Package pdftexcmds Info: \pdfdraftmode found.
)
Package grfext Info: Graphics extension search list:
(grfext)             [.png,.pdf,.jpg,.mps,.jpeg,.jbig2,.jb2,.PNG,.PDF,.JPG,.JPE
G,.JBIG2,.JB2,.eps]
(grfext)             \AppendGraphicsExtensions on input line 452.

(/usr/local/texlive/2012/texmf-dist/tex/latex/latexconfig/epstopdf-sys.cfg
File: epstopdf-sys.cfg 2010/07/13 v1.3 Configuration of (r)epstopdf for TeX Liv
e
)))
(/usr/local/texlive/2012/texmf-dist/tex/latex/subfigure/subfigure.sty
Package: subfigure 2002/03/15 v2.1.5 subfigure package
\subfigtopskip=\skip58
\subfigcapskip=\skip59
\subfigcaptopadj=\dimen125
\subfigbottomskip=\skip60
\subfigcapmargin=\dimen126
\subfiglabelskip=\skip61
\c@subfigure=\count104
\c@lofdepth=\count105
\c@subtable=\count106
\c@lotdepth=\count107

****************************************
* Local config file subfigure.cfg used *
****************************************
(/usr/local/texlive/2012/texmf-dist/tex/latex/subfigure/subfigure.cfg)
\subfig@top=\skip62
\subfig@bottom=\skip63
)
(/usr/local/texlive/2012/texmf-dist/tex/latex/booktabs/booktabs.sty
Package: booktabs 2005/04/14 v1.61803 publication quality tables
\heavyrulewidth=\dimen127
\lightrulewidth=\dimen128
\cmidrulewidth=\dimen129
\belowrulesep=\dimen130
\belowbottomsep=\dimen131
\aboverulesep=\dimen132
\abovetopsep=\dimen133
\cmidrulesep=\dimen134
\cmidrulekern=\dimen135
\defaultaddspace=\dimen136
\@cmidla=\count108
\@cmidlb=\count109
\@aboverulesep=\dimen137
\@belowrulesep=\dimen138
\@thisruleclass=\count110
\@lastruleclass=\count111
\@thisrulewidth=\dimen139
)
(/usr/local/texlive/2012/texmf-dist/tex/latex/rotating/rotating.sty
Package: rotating 2009/03/28 v2.16a rotated objects in LaTeX

(/usr/local/texlive/2012/texmf-dist/tex/latex/base/ifthen.sty
Package: ifthen 2001/05/26 v1.1c Standard LaTeX ifthen package (DPC)
)
\c@r@tfl@t=\count112
\rotFPtop=\skip64
\rotFPbot=\skip65
\rot@float@box=\box30
\rot@mess@toks=\toks28
)
(/usr/local/texlive/2012/texmf-dist/tex/latex/listings/listings.sty
\lst@mode=\count113
\lst@gtempboxa=\box31
\lst@token=\toks29
\lst@length=\count114
\lst@currlwidth=\dimen140
\lst@column=\count115
\lst@pos=\count116
\lst@lostspace=\dimen141
\lst@width=\dimen142
\lst@newlines=\count117
\lst@lineno=\count118
\lst@maxwidth=\dimen143

(./lstpatch.sty

***
*** This is a patch for listings 1.3, but you're using
*** version 1.4.
***
*** Patch file not loaded.
***

) (/usr/local/texlive/2012/texmf-dist/tex/latex/listings/lstmisc.sty
File: lstmisc.sty 2007/02/22 1.4 (Carsten Heinz)
\c@lstnumber=\count119
\lst@skipnumbers=\count120
\lst@framebox=\box32
)
(/usr/local/texlive/2012/texmf-dist/tex/latex/listings/listings.cfg
File: listings.cfg 2007/02/22 1.4 listings configuration
))
Package: listings 2007/02/22 1.4 (Carsten Heinz)

(./lstpatch.sty

***
*** This is a patch for listings 1.3, but you're using
*** version 1.4.
***
 *** Patch file not loaded.
***

) (/usr/local/texlive/2012/texmf-dist/tex/latex/hyperref/hyperref.sty
Package: hyperref 2012/05/13 v6.82q Hypertext links for LaTeX

(/usr/local/texlive/2012/texmf-dist/tex/generic/oberdiek/hobsub-hyperref.sty
Package: hobsub-hyperref 2012/05/28 v1.13 Bundle oberdiek, subset hyperref (HO)


(/usr/local/texlive/2012/texmf-dist/tex/generic/oberdiek/hobsub-generic.sty
Package: hobsub-generic 2012/05/28 v1.13 Bundle oberdiek, subset generic (HO)
Package: hobsub 2012/05/28 v1.13 Construct package bundles (HO)
Package hobsub Info: Skipping package `infwarerr' (already loaded).
Package hobsub Info: Skipping package `ltxcmds' (already loaded).
Package hobsub Info: Skipping package `ifluatex' (already loaded).
Package: ifvtex 2010/03/01 v1.5 Detect VTeX and its facilities (HO)
Package ifvtex Info: VTeX not detected.
Package: intcalc 2007/09/27 v1.1 Expandable calculations with integers (HO)
Package hobsub Info: Skipping package `ifpdf' (already loaded).
Package hobsub Info: Skipping package `etexcmds' (already loaded).
Package hobsub Info: Skipping package `kvsetkeys' (already loaded).
Package hobsub Info: Skipping package `kvdefinekeys' (already loaded).
Package hobsub Info: Skipping package `pdftexcmds' (already loaded).
Package: pdfescape 2011/11/25 v1.13 Implements pdfTeX's escape features (HO)
Package: bigintcalc 2012/04/08 v1.3 Expandable calculations on big integers (HO
)
Package: bitset 2011/01/30 v1.1 Handle bit-vector datatype (HO)
Package: uniquecounter 2011/01/30 v1.2 Provide unlimited unique counter (HO)
)
Package hobsub Info: Skipping package `hobsub' (already loaded).
Package: letltxmacro 2010/09/02 v1.4 Let assignment for LaTeX macros (HO)
Package: hopatch 2012/05/28 v1.2 Wrapper for package hooks (HO)
Package: xcolor-patch 2011/01/30 xcolor patch
Package: atveryend 2011/06/30 v1.8 Hooks at the very end of document (HO)
Package atveryend Info: \AP@enddocument detected (standard20110627).
Package: atbegshi 2011/10/05 v1.16 At begin shipout hook (HO)
Package: refcount 2011/10/16 v3.4 Data extraction from label references (HO)
Package: hycolor 2011/01/30 v1.7 Color options for hyperref/bookmark (HO)
)
(/usr/local/texlive/2012/texmf-dist/tex/generic/ifxetex/ifxetex.sty
Package: ifxetex 2010/09/12 v0.6 Provides ifxetex conditional
)
\@linkdim=\dimen144
\Hy@linkcounter=\count121
\Hy@pagecounter=\count122

(/usr/local/texlive/2012/texmf-dist/tex/latex/hyperref/pd1enc.def
File: pd1enc.def 2012/05/13 v6.82q Hyperref: PDFDocEncoding definition (HO)
)
\Hy@SavedSpaceFactor=\count123

(/usr/local/texlive/2012/texmf-dist/tex/latex/latexconfig/hyperref.cfg
File: hyperref.cfg 2002/06/06 v1.2 hyperref configuration of TeXLive
)
Package hyperref Info: Option `bookmarks' set `true' on input line 3941.
Package hyperref Info: Option `bookmarksopen' set `true' on input line 3941.
Package hyperref Info: Option `bookmarksnumbered' set `true' on input line 3941
.
Package hyperref Info: Option `hypertexnames' set `false' on input line 3941.
Package hyperref Info: Option `colorlinks' set `true' on input line 3941.
Package hyperref Info: Option `unicode' set `true' on input line 3941.

(/usr/local/texlive/2012/texmf-dist/tex/latex/hyperref/puenc.def
File: puenc.def 2012/05/13 v6.82q Hyperref: PDF Unicode definition (HO)
)
Package hyperref Info: Option `breaklinks' set `true' on input line 3941.
Package hyperref Info: Hyper figures OFF on input line 4062.
Package hyperref Info: Link nesting OFF on input line 4067.
Package hyperref Info: Hyper index ON on input line 4070.
Package hyperref Info: Plain pages OFF on input line 4077.
Package hyperref Info: Backreferencing OFF on input line 4082.
Package hyperref Info: Implicit mode ON; LaTeX internals redefined.
Package hyperref Info: Bookmarks ON on input line 4300.
\c@Hy@tempcnt=\count124

(/usr/local/texlive/2012/texmf-dist/tex/latex/url/url.sty
\Urlmuskip=\muskip11
Package: url 2006/04/12  ver 3.3  Verb mode for urls, etc.
)
LaTeX Info: Redefining \url on input line 4653.
\Fld@menulength=\count125
\Field@Width=\dimen145
\Fld@charsize=\dimen146
Package hyperref Info: Hyper figures OFF on input line 5773.
Package hyperref Info: Link nesting OFF on input line 5778.
Package hyperref Info: Hyper index ON on input line 5781.
Package hyperref Info: backreferencing OFF on input line 5788.
Package hyperref Info: Link coloring ON on input line 5791.
Package hyperref Info: Link coloring with OCG OFF on input line 5798.
Package hyperref Info: PDF/A mode OFF on input line 5803.
LaTeX Info: Redefining \ref on input line 5843.
LaTeX Info: Redefining \pageref on input line 5847.
\Hy@abspage=\count126
\c@Item=\count127
\c@Hfootnote=\count128
)

Package hyperref Message: Driver (autodetected): hpdftex.

(/usr/local/texlive/2012/texmf-dist/tex/latex/hyperref/hpdftex.def
File: hpdftex.def 2012/05/13 v6.82q Hyperref driver for pdfTeX
\Fld@listcount=\count129
\c@bookmark@seq@number=\count130

(/usr/local/texlive/2012/texmf-dist/tex/latex/oberdiek/rerunfilecheck.sty
Package: rerunfilecheck 2011/04/15 v1.7 Rerun checks for auxiliary files (HO)
Package uniquecounter Info: New unique counter `rerunfilecheck' on input line 2
82.
)
\Hy@SectionHShift=\skip66
)
\c@dummy=\count131

(/usr/local/texlive/2012/texmf-dist/tex/latex/tools/longtable.sty
Package: longtable 2004/02/01 v4.11 Multi-page Table package (DPC)
\LTleft=\skip67
\LTright=\skip68
\LTpre=\skip69
\LTpost=\skip70
\LTchunksize=\count132
\LTcapwidth=\dimen147
\LT@head=\box33
\LT@firsthead=\box34
\LT@foot=\box35
\LT@lastfoot=\box36
\LT@cols=\count133
\LT@rows=\count134
\c@LT@tables=\count135
\c@LT@chunks=\count136
\LT@p@ftn=\toks30
))
(/usr/local/texlive/2012/texmf-dist/tex/latex/xmpincl/xmpincl.sty
Package: xmpincl 2008/05/10 v2.2 Include XMP data in pdflatex
)
\xmpinclWrite=\write3
\xmpinclRead=\read1
\openout3 = `metadata.xmpi'.

<<metadata.xmpi>> (/usr/local/texlive/2012/texmf-dist/tex/latex/xcolor/xcolor.s
ty
Package: xcolor 2007/01/21 v2.11 LaTeX color extensions (UK)

(/usr/local/texlive/2012/texmf-dist/tex/latex/latexconfig/color.cfg
File: color.cfg 2007/01/18 v1.5 color configuration of teTeX/TeXLive
)
Package xcolor Info: Package option `usenames' ignored on input line 216.
Package xcolor Info: Driver file: pdftex.def on input line 225.
Package xcolor Info: Model `cmy' substituted by `cmy0' on input line 1337.
Package xcolor Info: Model `hsb' substituted by `rgb' on input line 1341.
Package xcolor Info: Model `RGB' extended on input line 1353.
Package xcolor Info: Model `HTML' substituted by `rgb' on input line 1355.
Package xcolor Info: Model `Hsb' substituted by `hsb' on input line 1356.
Package xcolor Info: Model `tHsb' substituted by `hsb' on input line 1357.
Package xcolor Info: Model `HSB' substituted by `hsb' on input line 1358.
Package xcolor Info: Model `Gray' substituted by `gray' on input line 1359.
Package xcolor Info: Model `wave' substituted by `hsb' on input line 1360.

(/usr/local/texlive/2012/texmf-dist/tex/latex/graphics/dvipsnam.def
File: dvipsnam.def 1999/02/16 v3.0i Driver-dependant file (DPC,SPQR)
))
(/usr/local/texlive/2012/texmf-dist/tex/latex/pdfpages/pdfpages.sty
Package: pdfpages 2012/04/03 v0.4s Insert pages of external PDF documents (AM)

(/usr/local/texlive/2012/texmf-dist/tex/latex/tools/calc.sty
Package: calc 2007/08/22 v4.3 Infix arithmetic (KKT,FJ)
\calc@Acount=\count137
\calc@Bcount=\count138
\calc@Adimen=\dimen148
\calc@Bdimen=\dimen149
\calc@Askip=\skip71
\calc@Bskip=\skip72
LaTeX Info: Redefining \setlength on input line 76.
LaTeX Info: Redefining \addtolength on input line 77.
\calc@Ccount=\count139
\calc@Cskip=\skip73
)
(/usr/local/texlive/2012/texmf-dist/tex/latex/eso-pic/eso-pic.sty
Package: eso-pic 2010/10/06 v2.0c eso-pic (RN)
)
(/usr/local/texlive/2012/texmf-dist/tex/latex/pdfpages/pppdftex.def
File: pppdftex.def 2012/04/03 v0.4s Pdfpages driver for pdfTeX (AM)
)
\AM@pagebox=\box37
\AM@toc@title=\toks31
\c@AM@survey=\count140
\AM@templatesizebox=\box38
)
(/usr/local/texlive/2012/texmf-dist/tex/latex/natbib/natbib.sty
Package: natbib 2010/09/13 8.31b (PWD, AO)
\bibhang=\skip74
\bibsep=\skip75
LaTeX Info: Redefining \cite on input line 694.
\c@NAT@ctr=\count141
)
(/usr/local/texlive/2012/texmf-dist/tex/latex/tools/verbatim.sty
Package: verbatim 2003/08/22 v1.5q LaTeX2e package for verbatim enhancements
\every@verbatim=\toks32
\verbatim@line=\toks33
\verbatim@in@stream=\read2
) (./vector.sty
Package: vector 1994/09/16 v1.0 vector macros for LaTeX2e (nde)
\c@vec@elem=\count142
)
Package hyperref Info: Option `colorlinks' set `true' on input line 28.
 (/usr/local/texlive/2012/texmf-dist/tex/latex/tabulary/tabulary.sty
Package: tabulary 2008/12/01 v0.9 tabulary package (DPC)

(/usr/local/texlive/2012/texmf-dist/tex/latex/tools/array.sty
Package: array 2008/09/09 v2.4c Tabular extension package (FMi)
\col@sep=\dimen150
\extrarowheight=\dimen151
\NC@list=\toks34
\extratabsurround=\skip76
\backup@length=\skip77
)
\TY@count=\count143
\TY@linewidth=\dimen152
\tymin=\dimen153
\tymax=\dimen154
\TY@tablewidth=\dimen155
)
(/usr/local/texlive/2012/texmf-dist/tex/latex/tools/dcolumn.sty
Package: dcolumn 2001/05/28 v1.06 decimal alignment package (DPC)
)
(/usr/local/texlive/2012/texmf-dist/tex/latex/etoolbox/etoolbox.sty
Package: etoolbox 2011/01/03 v2.1 e-TeX tools for LaTeX

(/usr/local/texlive/2012/texmf-dist/tex/latex/etex-pkg/etex.sty
Package: etex 1998/03/26 v2.0 eTeX basic definition package (PEB)
\et@xins=\count144
)
\etb@tempcnta=\count145
) (./Thesis.aux

LaTeX Warning: Label `results' multiply defined.


LaTeX Warning: Label `participants' multiply defined.


LaTeX Warning: Label `results' multiply defined.


LaTeX Warning: Label `participants' multiply defined.


LaTeX Warning: Label `incentives' multiply defined.


LaTeX Warning: Label `electrocardiograms' multiply defined.


LaTeX Warning: Label `context' multiply defined.


LaTeX Warning: Label `partinfosheet1' multiply defined.


LaTeX Warning: Label `partinfosheet2' multiply defined.

)
\openout1 = `Thesis.aux'.

LaTeX Font Info:    Checking defaults for OML/cmm/m/it on input line 49.
LaTeX Font Info:    ... okay on input line 49.
LaTeX Font Info:    Checking defaults for T1/cmr/m/n on input line 49.
LaTeX Font Info:    ... okay on input line 49.
LaTeX Font Info:    Checking defaults for OT1/cmr/m/n on input line 49.
LaTeX Font Info:    ... okay on input line 49.
LaTeX Font Info:    Checking defaults for OMS/cmsy/m/n on input line 49.
LaTeX Font Info:    ... okay on input line 49.
LaTeX Font Info:    Checking defaults for OMX/cmex/m/n on input line 49.
LaTeX Font Info:    ... okay on input line 49.
LaTeX Font Info:    Checking defaults for U/cmr/m/n on input line 49.
LaTeX Font Info:    ... okay on input line 49.
LaTeX Font Info:    Checking defaults for PD1/pdf/m/n on input line 49.
LaTeX Font Info:    ... okay on input line 49.
LaTeX Font Info:    Checking defaults for PU/pdf/m/n on input line 49.
LaTeX Font Info:    ... okay on input line 49.
Package caption Info: Begin \AtBeginDocument code.
Package caption Info: hyperref package is loaded.
Package caption Info: listings package is loaded.
Package caption Info: longtable package is loaded.
 (/usr/local/texlive/2012/texmf-dist/tex/latex/caption/ltcaption.sty
Package: ltcaption 2011/09/12 v1.3 longtable captions (AR)
)
Package caption Info: rotating package is loaded.
Package caption Info: subfigure package is loaded.
Package caption Info: End \AtBeginDocument code.

(/usr/local/texlive/2012/texmf-dist/tex/context/base/supp-pdf.mkii
[Loading MPS to PDF converter (version 2006.09.02).]
\scratchcounter=\count146
\scratchdimen=\dimen156
\scratchbox=\box39
\nofMPsegments=\count147
\nofMParguments=\count148
\everyMPshowfont=\toks35
\MPscratchCnt=\count149
\MPscratchDim=\dimen157
\MPnumerator=\count150
\makeMPintoPDFobject=\count151
\everyMPtoPDFconversion=\toks36
)
\c@lstlisting=\count152
\AtBeginShipoutBox=\box40
Package hyperref Info: Link coloring ON on input line 49.
 (/usr/local/texlive/2012/texmf-dist/tex/latex/hyperref/nameref.sty
Package: nameref 2010/04/30 v2.40 Cross-referencing by name of section

(/usr/local/texlive/2012/texmf-dist/tex/generic/oberdiek/gettitlestring.sty
Package: gettitlestring 2010/12/03 v1.4 Cleanup title references (HO)
)
\c@section@level=\count153
)
LaTeX Info: Redefining \ref on input line 49.
LaTeX Info: Redefining \pageref on input line 49.
LaTeX Info: Redefining \nameref on input line 49.

(./Thesis.out) (./Thesis.out)
\@outlinefile=\write4
\openout4 = `Thesis.out'.


------------------------------------------------------------------------------
 Title Page
------------------------------------------------------------------------------
[1



{/usr/local/texlive/2012/texmf-var/fonts/map/pdftex/updmap/pdftex.map}]
[2

]
------------------------------------------------------------------------------
 Abstract Page
------------------------------------------------------------------------------

Overfull \hbox (5.35663pt too wide) in paragraph at lines 96--98
[]\OT1/cmr/bx/n/10.95 Background \OT1/cmr/m/n/10.95 Timely di-ag-no-sis and ap-
pro-pri-ate man-age-ment of pa-tients with ST-segment
 []

[3

]
------------------------------------------------------------------------------
 Acknowledgements
------------------------------------------------------------------------------
[4

]
------------------------------------------------------------------------------
 Table of Contents
------------------------------------------------------------------------------
(./Thesis.toc
LaTeX Font Info:    Try loading font information for U+msa on input line 10.
 (/usr/local/texlive/2012/texmf-dist/tex/latex/amsfonts/umsa.fd
File: umsa.fd 2009/06/22 v3.00 AMS symbols A
)
LaTeX Font Info:    Try loading font information for U+msb on input line 10.

(/usr/local/texlive/2012/texmf-dist/tex/latex/amsfonts/umsb.fd
File: umsb.fd 2009/06/22 v3.00 AMS symbols B
) [5


] [6])
\tf@toc=\write5
\openout5 = `Thesis.toc'.


[7]
------------------------------------------------------------------------------
 List of Figures
------------------------------------------------------------------------------
[7


] (./Thesis.lof)
\tf@lof=\write6
\openout6 = `Thesis.lof'.

 [8]
------------------------------------------------------------------------------
 List of Tables
------------------------------------------------------------------------------
(./Thesis.lot)
\tf@lot=\write7
\openout7 = `Thesis.lot'.

 [9


]
------------------------------------------------------------------------------
 Abbreviations
------------------------------------------------------------------------------

Overfull \hbox (5.95851pt too wide) in alignment at lines 205--205
 [] [] 
 []


Overfull \hbox (5.95851pt too wide) in alignment at lines 205--205
 [] [] 
 []


Overfull \hbox (5.95851pt too wide) in alignment at lines 205--205
 [] [] 
 []

[10



] [11] (./Chapters/Chapter1.tex
Chapter 1.
------------------------------------------------------------------------------
 1 Introduction
------------------------------------------------------------------------------
[1



]
Missing character: There is no â in font cmr10!
Missing character: There is no € in font cmr10!
Missing character: There is no ˜ in font cmr10!
Missing character: There is no â in font cmr10!
Missing character: There is no € in font cmr10!
Missing character: There is no ™ in font cmr10!
 <Figures/ECG.png, id=601, 501.875pt x 494.84875pt>
File: Figures/ECG.png Graphic file (type png)
 <use Figures/ECG.png>
Package pdftex.def Info: Figures/ECG.png used on input line 28.
(pdftex.def)             Requested size: 250.4927pt x 246.98582pt.

[2] <Figures/my-ecg-anon.jpg, id=615, 401.5pt x 163.812pt>
File: Figures/my-ecg-anon.jpg Graphic file (type jpg)

<use Figures/my-ecg-anon.jpg>
Package pdftex.def Info: Figures/my-ecg-anon.jpg used on input line 37.
(pdftex.def)             Requested size: 413.32906pt x 168.63824pt.

<Figures/Sample-MI.jpg, id=618, 501.73936pt x 202.5969pt>
File: Figures/Sample-MI.jpg Graphic file (type jpg)

<use Figures/Sample-MI.jpg>
Package pdftex.def Info: Figures/Sample-MI.jpg used on input line 49.
(pdftex.def)             Requested size: 413.31229pt x 166.89099pt.
 [3 <./Figures/ECG.png> <./Figures/my-ecg-anon.jpg>] [4 <./Figures/Sample-MI.jp
g>]
<Figures/bulldog.jpg, id=646, 436.63126pt x 505.89pt>
File: Figures/bulldog.jpg Graphic file (type jpg)

<use Figures/bulldog.jpg>
Package pdftex.def Info: Figures/bulldog.jpg used on input line 70.
(pdftex.def)             Requested size: 208.73448pt x 241.84409pt.
 [5] [6 <./Figures/bulldog.jpg>] [7] [8] [9])
(./Chapters/Chapter2.tex [10]
Chapter 2.
------------------------------------------------------------------------------
 2 Literature review
------------------------------------------------------------------------------
[11

] [12] <Figures/prismalit.pdf, id=772, 492.84125pt x 454.69875pt>
File: Figures/prismalit.pdf Graphic file (type pdf)

<use Figures/prismalit.pdf>
Package pdftex.def Info: Figures/prismalit.pdf used on input line 66.
(pdftex.def)             Requested size: 396.6198pt x 365.92418pt.
 [13 <./Figures/prismalit.pdf>]
(./Tables/tablelitrev.tex [14]) (./Tables/tablelitrev1.tex [15]) [16] [17]
LaTeX Font Info:    Try loading font information for OMS+cmr on input line 109.


(/usr/local/texlive/2012/texmf-dist/tex/latex/base/omscmr.fd
File: omscmr.fd 1999/05/25 v2.5h Standard LaTeX font definitions
)
LaTeX Font Info:    Font shape `OMS/cmr/m/n' in size <10.95> not available
(Font)              Font shape `OMS/cmsy/m/n' tried instead on input line 109.
 [18]
Missing character: There is no â in font cmr10!
Missing character: There is no € in font cmr10!
Missing character: There is no ™ in font cmr10!

Overfull \hbox (6.44455pt too wide) in paragraph at lines 137--138
[]\OT1/cmr/m/n/10.95 The doc-tor stud-ies all in-volved ju-nior doc-tors (de-fi
ned as be-ing 2--3 years post-graduation),
 []

[19] [20] [21] [22] [23]) (./Chapters/Chapter3.tex [24]
Chapter 3.
------------------------------------------------------------------------------
 3 RESPECT study and pilot
------------------------------------------------------------------------------
[25

]
Missing character: There is no â in font cmr10!
Missing character: There is no € in font cmr10!
Missing character: There is no ™ in font cmr10!
 [26

]) (./Chapters/Chapter4.tex [27]
Chapter 4.
------------------------------------------------------------------------------
 4 Research methods
------------------------------------------------------------------------------
[28

] [29] [30] <Figures/consent-screen.png, id=957, 1009.7725pt x 782.925pt>
File: Figures/consent-screen.png Graphic file (type png)

<use Figures/consent-screen.png>
Package pdftex.def Info: Figures/consent-screen.png used on input line 58.
(pdftex.def)             Requested size: 417.47618pt x 323.68929pt.
 [31 <./Figures/consent-screen.png>]
<Figures/calibration.png, id=983, 759.83875pt x 688.5725pt>
File: Figures/calibration.png Graphic file (type png)

<use Figures/calibration.png>
Package pdftex.def Info: Figures/calibration.png used on input line 74.
(pdftex.def)             Requested size: 417.48361pt x 378.32729pt.
 [32]
<Figures/Participant-flow.pdf, id=1001, 487.8225pt x 841.1425pt>
File: Figures/Participant-flow.pdf Graphic file (type pdf)

<use Figures/Participant-flow.pdf>
Package pdftex.def Info: Figures/Participant-flow.pdf used on input line 93.
(pdftex.def)             Requested size: 393.28806pt x 678.13869pt.


LaTeX Warning: Float too large for page by 29.39197pt on input line 96.


Overfull \hbox (9.66878pt too wide) in paragraph at lines 105--106
[]\OT1/cmr/m/n/10.95 Which ed-u-ca-tional route did you take to be-come a param
edic (tra-di-tion-al/vocational,
 []

[33 <./Figures/calibration.png>] [34 <./Figures/Participant-flow.pdf>]
<Figures/ecg-explain.png, id=1094, 794.97pt x 496.85625pt>
File: Figures/ecg-explain.png Graphic file (type png)

<use Figures/ecg-explain.png>
Package pdftex.def Info: Figures/ecg-explain.png used on input line 134.
(pdftex.def)             Requested size: 417.4868pt x 260.92924pt.
 [35] [36 <./Figures/ecg-explain.png>] [37]
[38] [39] [40] [41] [42] [43]
<Figures/Gantt.png, id=1206, 1221.56375pt x 460.72125pt>
File: Figures/Gantt.png Graphic file (type png)

<use Figures/Gantt.png>
Package pdftex.def Info: Figures/Gantt.png used on input line 294.
(pdftex.def)             Requested size: 626.23256pt x 236.18794pt.
) (./Chapters/Chapter5.tex [44] [45 <./Figures/Gantt.png>]
Chapter 5.
------------------------------------------------------------------------------
 5 Results
------------------------------------------------------------------------------

<Figures/CONSORT-flow-diagram-pilot-completed.pdf, id=1216, 558.085pt x 780.917
5pt>
File: Figures/CONSORT-flow-diagram-pilot-completed.pdf Graphic file (type pdf)
 <use Figures/CONSORT-flow-diagram-pilot-completed.pdf>
Package pdftex.def Info: Figures/CONSORT-flow-diagram-pilot-completed.pdf used 
on input line 24.
(pdftex.def)             Requested size: 417.48123pt x 584.17337pt.
 [46

] [47 <./Figures/CONSORT-flow-diagram-pilot-completed.pdf>] (./Tables/partchar.
tex)
(./Tables/partcharF.tex) (./Tables/partcharNF.tex) [48]
(./Tables/partsumecginteract-small.tex

Package array Warning: Column D is already defined on input line 7.


Overfull \hbox (2.14148pt too wide) in paragraph at lines 13--13
 []|\OT1/cmr/m/n/10.95 Quartiles| 
 []


Overfull \hbox (2.14148pt too wide) in paragraph at lines 13--14
 []|\OT1/cmr/m/n/10.95 Quartiles| 
 []

) [49] (./Figures/boxplots.tex
<Figures/AnsTimeVsECG.pdf, id=1258, page=1, 844.15375pt x 597.23125pt>
File: Figures/AnsTimeVsECG.pdf Graphic file (type pdf)

<use Figures/AnsTimeVsECG.pdf, page 1>
Package pdftex.def Info: Figures/AnsTimeVsECG.pdf, page1 used on input line 2.
(pdftex.def)             Requested size: 478.53209pt x 269.16165pt.

<Figures/AnsTimeVsECG.pdf, id=1259, page=2, 844.15375pt x 597.23125pt>
File: Figures/AnsTimeVsECG.pdf Graphic file (type pdf)

<use Figures/AnsTimeVsECG.pdf, page 2>
Package pdftex.def Info: Figures/AnsTimeVsECG.pdf, page2 used on input line 8.
(pdftex.def)             Requested size: 478.53209pt x 269.16165pt.

<Figures/AnsTimeVsECG.pdf, id=1260, page=3, 844.15375pt x 597.23125pt>
File: Figures/AnsTimeVsECG.pdf Graphic file (type pdf)

<use Figures/AnsTimeVsECG.pdf, page 3>
Package pdftex.def Info: Figures/AnsTimeVsECG.pdf, page3 used on input line 14.

(pdftex.def)             Requested size: 478.53209pt x 269.16165pt.

<Figures/AnsTimeVsECG.pdf, id=1261, page=4, 844.15375pt x 597.23125pt>
File: Figures/AnsTimeVsECG.pdf Graphic file (type pdf)

<use Figures/AnsTimeVsECG.pdf, page 4>
Package pdftex.def Info: Figures/AnsTimeVsECG.pdf, page4 used on input line 20.

(pdftex.def)             Requested size: 478.53209pt x 269.16165pt.
) [50 <./Figures/AnsTimeVsECG.pdf>]
[51 <./Figures/AnsTimeVsECG.pdf> <./Figures/AnsTimeVsECG.pdf>] [52 <./Figures/A
nsTimeVsECG.pdf>] (./Tables/partsensandspec.tex

Package array Warning: Column D is already defined on input line 7.

) [53] (./Tables/ORtablesmesg.tex) (./Tables/ORtablesmesgcc.tex

./Tables/ORtablesmesgcc.tex:3: LaTeX Error: Something's wrong--perhaps a missin
g \item.

See the LaTeX manual or LaTeX Companion for explanation.
Type  H <return>  for immediate help.
 ...                                              
                                                  
l.3 \begin{table}
                 [htbp]
? 
) [54] (./Tables/ORtablesmesgci.tex)) (./Chapters/Chapter6.tex [55]
Chapter 6.
------------------------------------------------------------------------------
 6 Discussion
------------------------------------------------------------------------------
[56

] [57]
Overfull \hbox (0.39165pt too wide) in paragraph at lines 55--56
[]\OT1/cmr/m/n/10.95 Paramedics ap-peared to per-form slightly bet-ter in the C
an-tor study [[]], with paramedics
 []

[58] [59] [60]) [61] (./Chapters/Chapter7.tex [62]
Chapter 7.
------------------------------------------------------------------------------
 7 Conclusion
------------------------------------------------------------------------------
) (./Appendices/AppendixA.tex [63

]
Appendix A.
------------------------------------------------------------------------------
 A Summary of study ECGs
------------------------------------------------------------------------------
[64

]

Package array Warning: Column L is already defined on input line 11.


Package array Warning: Column A is already defined on input line 12.

[65

] [66] [67] [68]) (./Appendices/AppendixB.tex [69]
Appendix B.
------------------------------------------------------------------------------
 B MLWin data analysis method
------------------------------------------------------------------------------
<Figures/MLWin-respect.pdf, id=1408, page=1, 597.23125pt x 845.1575pt>
File: Figures/MLWin-respect.pdf Graphic file (type pdf)

<use Figures/MLWin-respect.pdf, page 1>
Package pdftex.def Info: Figures/MLWin-respect.pdf, page1 used on input line 8.

(pdftex.def)             Requested size: 538.32959pt x 761.84695pt.


LaTeX Warning: Float too large for page by 76.87387pt on input line 10.

[70

] [71 <./Figures/MLWin-respect.pdf>]
<Figures/MLWin-respect.pdf, id=1445, page=2, 597.23125pt x 845.1575pt>
File: Figures/MLWin-respect.pdf Graphic file (type pdf)

<use Figures/MLWin-respect.pdf, page 2>
Package pdftex.def Info: Figures/MLWin-respect.pdf, page2 used on input line 15
.
(pdftex.def)             Requested size: 538.32959pt x 761.84695pt.


LaTeX Warning: Float too large for page by 76.87387pt on input line 17.

<Figures/MLWin-respect.pdf, id=1446, page=3, 597.23125pt x 845.1575pt>
File: Figures/MLWin-respect.pdf Graphic file (type pdf)

<use Figures/MLWin-respect.pdf, page 3>
Package pdftex.def Info: Figures/MLWin-respect.pdf, page3 used on input line 22
.
(pdftex.def)             Requested size: 538.32959pt x 761.84695pt.


LaTeX Warning: Float too large for page by 76.87387pt on input line 24.

<Figures/MLWin-respect.pdf, id=1447, page=4, 597.23125pt x 845.1575pt>
File: Figures/MLWin-respect.pdf Graphic file (type pdf)

<use Figures/MLWin-respect.pdf, page 4>
Package pdftex.def Info: Figures/MLWin-respect.pdf, page4 used on input line 29
.
(pdftex.def)             Requested size: 538.32959pt x 761.84695pt.


LaTeX Warning: Float too large for page by 76.87387pt on input line 31.

<Figures/MLWin-respect.pdf, id=1448, page=5, 597.23125pt x 845.1575pt>
File: Figures/MLWin-respect.pdf Graphic file (type pdf)

<use Figures/MLWin-respect.pdf, page 5>
Package pdftex.def Info: Figures/MLWin-respect.pdf, page5 used on input line 36
.
(pdftex.def)             Requested size: 538.32959pt x 761.84695pt.


LaTeX Warning: Float too large for page by 76.87387pt on input line 38.

<Figures/MLWin-respect.pdf, id=1449, page=6, 597.23125pt x 845.1575pt>
File: Figures/MLWin-respect.pdf Graphic file (type pdf)

<use Figures/MLWin-respect.pdf, page 6>
Package pdftex.def Info: Figures/MLWin-respect.pdf, page6 used on input line 43
.
(pdftex.def)             Requested size: 538.32959pt x 761.84695pt.


LaTeX Warning: Float too large for page by 76.87387pt on input line 45.

<Figures/MLWin-respect.pdf, id=1450, page=7, 597.23125pt x 845.1575pt>
File: Figures/MLWin-respect.pdf Graphic file (type pdf)

<use Figures/MLWin-respect.pdf, page 7>
Package pdftex.def Info: Figures/MLWin-respect.pdf, page7 used on input line 50
.
(pdftex.def)             Requested size: 538.32959pt x 761.84695pt.


LaTeX Warning: Float too large for page by 76.87387pt on input line 52.

<Figures/MLWin-respect.pdf, id=1451, page=8, 597.23125pt x 845.1575pt>
File: Figures/MLWin-respect.pdf Graphic file (type pdf)

<use Figures/MLWin-respect.pdf, page 8>
Package pdftex.def Info: Figures/MLWin-respect.pdf, page8 used on input line 57
.
(pdftex.def)             Requested size: 538.32959pt x 761.84695pt.


LaTeX Warning: Float too large for page by 76.87387pt on input line 59.

<Figures/MLWin-respect.pdf, id=1452, page=9, 597.23125pt x 845.1575pt>
File: Figures/MLWin-respect.pdf Graphic file (type pdf)

<use Figures/MLWin-respect.pdf, page 9>
Package pdftex.def Info: Figures/MLWin-respect.pdf, page9 used on input line 64
.
(pdftex.def)             Requested size: 538.32959pt x 761.84695pt.


LaTeX Warning: Float too large for page by 76.87387pt on input line 66.

<Figures/MLWin-respect.pdf, id=1453, page=10, 597.23125pt x 845.1575pt>
File: Figures/MLWin-respect.pdf Graphic file (type pdf)

<use Figures/MLWin-respect.pdf, page 10>
Package pdftex.def Info: Figures/MLWin-respect.pdf, page10 used on input line 7
1.
(pdftex.def)             Requested size: 538.32959pt x 761.84695pt.


LaTeX Warning: Float too large for page by 76.87387pt on input line 73.

<Figures/MLWin-respect.pdf, id=1454, page=11, 597.23125pt x 845.1575pt>
File: Figures/MLWin-respect.pdf Graphic file (type pdf)

<use Figures/MLWin-respect.pdf, page 11>
Package pdftex.def Info: Figures/MLWin-respect.pdf, page11 used on input line 7
8.
(pdftex.def)             Requested size: 538.32959pt x 761.84695pt.


LaTeX Warning: Float too large for page by 76.87387pt on input line 80.

<Figures/MLWin-respect.pdf, id=1455, page=12, 597.23125pt x 845.1575pt>
File: Figures/MLWin-respect.pdf Graphic file (type pdf)

<use Figures/MLWin-respect.pdf, page 12>
Package pdftex.def Info: Figures/MLWin-respect.pdf, page12 used on input line 8
5.
(pdftex.def)             Requested size: 538.32959pt x 761.84695pt.


LaTeX Warning: Float too large for page by 76.87387pt on input line 87.

<Figures/MLWin-respect.pdf, id=1456, page=13, 597.23125pt x 845.1575pt>
File: Figures/MLWin-respect.pdf Graphic file (type pdf)

<use Figures/MLWin-respect.pdf, page 13>
Package pdftex.def Info: Figures/MLWin-respect.pdf, page13 used on input line 9
2.
(pdftex.def)             Requested size: 538.32959pt x 761.84695pt.


LaTeX Warning: Float too large for page by 76.87387pt on input line 94.

<Figures/MLWin-respect.pdf, id=1457, page=14, 597.23125pt x 845.1575pt>
File: Figures/MLWin-respect.pdf Graphic file (type pdf)

<use Figures/MLWin-respect.pdf, page 14>
Package pdftex.def Info: Figures/MLWin-respect.pdf, page14 used on input line 9
9.
(pdftex.def)             Requested size: 538.32959pt x 761.84695pt.


LaTeX Warning: Float too large for page by 76.87387pt on input line 101.

) (./Appendices/AppendixC.tex [72 <./Figures/MLWin-respect.pdf>] [73 <./Figures
/MLWin-respect.pdf>] [74 <./Figures/MLWin-respect.pdf>] [75 <./Figures/MLWin-re
spect.pdf>] [76 <./Figures/MLWin-respect.pdf>] [77 <./Figures/MLWin-respect.pdf
>] [78 <./Figures/MLWin-respect.pdf>] [79 <./Figures/MLWin-respect.pdf>]
[80 <./Figures/MLWin-respect.pdf>] [81 <./Figures/MLWin-respect.pdf>] [82 <./Fi
gures/MLWin-respect.pdf>] [83 <./Figures/MLWin-respect.pdf>] [84 <./Figures/MLW
in-respect.pdf>]
Appendix C.
------------------------------------------------------------------------------
 C YAS research and development approval
------------------------------------------------------------------------------

<Figures/YASapprovalletterRPdissertation15thJan2013.pdf, id=1605, page=1, 597.3
1157pt x 844.83629pt>
File: Figures/YASapprovalletterRPdissertation15thJan2013.pdf Graphic file (type
 pdf)

<use Figures/YASapprovalletterRPdissertation15thJan2013.pdf, page 1>
Package pdftex.def Info: Figures/YASapprovalletterRPdissertation15thJan2013.pdf
, page1 used on input line 8.
(pdftex.def)             Requested size: 538.32959pt x 761.48006pt.


LaTeX Warning: Float too large for page by 76.50697pt on input line 10.

[85

] [86 <./Figures/YASapprovalletterRPdissertation15thJan2013.pdf, page is rotate
d 270 degrees>]
<Figures/YASapprovalletterRPdissertation15thJan2013.pdf, id=1630, page=2, 597.3
1157pt x 844.83629pt>
File: Figures/YASapprovalletterRPdissertation15thJan2013.pdf Graphic file (type
 pdf)

<use Figures/YASapprovalletterRPdissertation15thJan2013.pdf, page 2>
Package pdftex.def Info: Figures/YASapprovalletterRPdissertation15thJan2013.pdf
, page2 used on input line 15.
(pdftex.def)             Requested size: 538.32959pt x 761.48006pt.


LaTeX Warning: Float too large for page by 76.50697pt on input line 17.

) (./Appendices/AppendixD.tex [87 <./Figures/YASapprovalletterRPdissertation15t
hJan2013.pdf, page is rotated 270 degrees>]
Appendix D.
------------------------------------------------------------------------------
 D University ethics approval
------------------------------------------------------------------------------
<Figures/Approvalletter0602.jpg, id=1658, 596.9502pt x 844.1136pt>
File: Figures/Approvalletter0602.jpg Graphic file (type jpg)

<use Figures/Approvalletter0602.jpg>
Package pdftex.def Info: Figures/Approvalletter0602.jpg used on input line 8.
(pdftex.def)             Requested size: 478.52026pt x 676.65709pt.
) (./Appendices/AppendixE.tex [88

] [89 <./Figures/Approvalletter0602.jpg>]
Appendix E.
------------------------------------------------------------------------------
 E Research governance sponsorship confirmation
------------------------------------------------------------------------------
<Figures/uni-sponsor.png, id=1668, 432.5726pt x 609.43068pt>
File: Figures/uni-sponsor.png Graphic file (type png)

<use Figures/uni-sponsor.png>
Package pdftex.def Info: Figures/uni-sponsor.png used on input line 8.
(pdftex.def)             Requested size: 478.52026pt x 674.16986pt.
) (./Appendices/AppendixF.tex [90

] [91 <./Figures/uni-sponsor.png>]
Appendix F.
------------------------------------------------------------------------------
 F Risk assessment form
------------------------------------------------------------------------------
<Figures/risk-assess1.jpg, id=1680, 596.9502pt x 844.8363pt>
File: Figures/risk-assess1.jpg Graphic file (type jpg)

<use Figures/risk-assess1.jpg>
Package pdftex.def Info: Figures/risk-assess1.jpg used on input line 8.
(pdftex.def)             Requested size: 478.52026pt x 677.23642pt.
 [92

] [93 <./Figures/risk-assess1.jpg>]
<Figures/risk-assess2.jpg, id=1690, 596.9502pt x 844.8363pt>
File: Figures/risk-assess2.jpg Graphic file (type jpg)

<use Figures/risk-assess2.jpg>
Package pdftex.def Info: Figures/risk-assess2.jpg used on input line 15.
(pdftex.def)             Requested size: 478.52026pt x 677.23642pt.
) (./Appendices/AppendixG.tex [94 <./Figures/risk-assess2.jpg>]
Appendix G.
------------------------------------------------------------------------------
 G Participant information sheet
------------------------------------------------------------------------------
<Figures/part-info-sheet.pdf, id=1696, page=1, 597.23125pt x 845.1575pt>
File: Figures/part-info-sheet.pdf Graphic file (type pdf)

<use Figures/part-info-sheet.pdf, page 1>
Package pdftex.def Info: Figures/part-info-sheet.pdf, page1 used on input line 
8.
(pdftex.def)             Requested size: 478.52026pt x 677.17151pt.
 [95

] [96 <./Figures/part-info-sheet.pdf>] <Figures/part-info-sheet.pdf, id=1735, p
age=2, 597.23125pt x 845.1575pt>
File: Figures/part-info-sheet.pdf Graphic file (type pdf)

<use Figures/part-info-sheet.pdf, page 2>
Package pdftex.def Info: Figures/part-info-sheet.pdf, page2 used on input line 
15.
(pdftex.def)             Requested size: 478.52026pt x 677.17151pt.
) (./Appendices/AppendixH.tex [97 <./Figures/part-info-sheet.pdf>]
Appendix H.
------------------------------------------------------------------------------
 H Summary tables of participant responses to individual ECGs
------------------------------------------------------------------------------
(./Tables/partsumecginteract.tex (./Tables/partsumecginteract-middle.tex)
(./Tables/partsumecginteract-middle.tex)) (./Tables/partsumecgtime.tex

Package array Warning: Column A is already defined on input line 10.

(./Tables/partsumecgtime-middle.tex) (./Tables/partsumecgtime-middle.tex)))
(./Appendices/AppendixI.tex [98

] [99] [100]
Appendix I.
------------------------------------------------------------------------------
 I R statistics analysis script
------------------------------------------------------------------------------
<Figures/knitr.pdf, id=1782, page=1, 597.23125pt x 845.1575pt>
File: Figures/knitr.pdf Graphic file (type pdf)

<use Figures/knitr.pdf, page 1>
Package pdftex.def Info: Figures/knitr.pdf, page1 used on input line 8.
(pdftex.def)             Requested size: 478.52026pt x 677.17151pt.
 [101

] [102 <./Figures/knitr.pdf>]
<Figures/knitr.pdf, id=1813, page=2, 597.23125pt x 845.1575pt>
File: Figures/knitr.pdf Graphic file (type pdf)

<use Figures/knitr.pdf, page 2>
Package pdftex.def Info: Figures/knitr.pdf, page2 used on input line 14.
(pdftex.def)             Requested size: 478.52026pt x 677.17151pt.

<Figures/knitr.pdf, id=1814, page=3, 597.23125pt x 845.1575pt>
File: Figures/knitr.pdf Graphic file (type pdf)

<use Figures/knitr.pdf, page 3>
Package pdftex.def Info: Figures/knitr.pdf, page3 used on input line 20.
(pdftex.def)             Requested size: 478.52026pt x 677.17151pt.

<Figures/knitr.pdf, id=1815, page=4, 597.23125pt x 845.1575pt>
File: Figures/knitr.pdf Graphic file (type pdf)

<use Figures/knitr.pdf, page 4>
Package pdftex.def Info: Figures/knitr.pdf, page4 used on input line 26.
(pdftex.def)             Requested size: 478.52026pt x 677.17151pt.

<Figures/knitr.pdf, id=1816, page=5, 597.23125pt x 845.1575pt>
File: Figures/knitr.pdf Graphic file (type pdf)

<use Figures/knitr.pdf, page 5>
Package pdftex.def Info: Figures/knitr.pdf, page5 used on input line 32.
(pdftex.def)             Requested size: 478.52026pt x 677.17151pt.

<Figures/knitr.pdf, id=1817, page=6, 597.23125pt x 845.1575pt>
File: Figures/knitr.pdf Graphic file (type pdf)

<use Figures/knitr.pdf, page 6>
Package pdftex.def Info: Figures/knitr.pdf, page6 used on input line 38.
(pdftex.def)             Requested size: 478.52026pt x 677.17151pt.

<Figures/knitr.pdf, id=1818, page=7, 597.23125pt x 845.1575pt>
File: Figures/knitr.pdf Graphic file (type pdf)

<use Figures/knitr.pdf, page 7>
Package pdftex.def Info: Figures/knitr.pdf, page7 used on input line 44.
(pdftex.def)             Requested size: 478.52026pt x 677.17151pt.

<Figures/knitr.pdf, id=1819, page=8, 597.23125pt x 845.1575pt>
File: Figures/knitr.pdf Graphic file (type pdf)

<use Figures/knitr.pdf, page 8>
Package pdftex.def Info: Figures/knitr.pdf, page8 used on input line 50.
(pdftex.def)             Requested size: 478.52026pt x 677.17151pt.

<Figures/knitr.pdf, id=1820, page=9, 597.23125pt x 845.1575pt>
File: Figures/knitr.pdf Graphic file (type pdf)

<use Figures/knitr.pdf, page 9>
Package pdftex.def Info: Figures/knitr.pdf, page9 used on input line 56.
(pdftex.def)             Requested size: 478.52026pt x 677.17151pt.

<Figures/knitr.pdf, id=1821, page=10, 597.23125pt x 845.1575pt>
File: Figures/knitr.pdf Graphic file (type pdf)

<use Figures/knitr.pdf, page 10>
Package pdftex.def Info: Figures/knitr.pdf, page10 used on input line 62.
(pdftex.def)             Requested size: 478.52026pt x 677.17151pt.

<Figures/knitr.pdf, id=1822, page=11, 597.23125pt x 845.1575pt>
File: Figures/knitr.pdf Graphic file (type pdf)

<use Figures/knitr.pdf, page 11>
Package pdftex.def Info: Figures/knitr.pdf, page11 used on input line 68.
(pdftex.def)             Requested size: 478.52026pt x 677.17151pt.

<Figures/knitr.pdf, id=1823, page=12, 597.23125pt x 845.1575pt>
File: Figures/knitr.pdf Graphic file (type pdf)

<use Figures/knitr.pdf, page 12>
Package pdftex.def Info: Figures/knitr.pdf, page12 used on input line 74.
(pdftex.def)             Requested size: 478.52026pt x 677.17151pt.

<Figures/knitr.pdf, id=1824, page=13, 597.23125pt x 845.1575pt>
File: Figures/knitr.pdf Graphic file (type pdf)

<use Figures/knitr.pdf, page 13>
Package pdftex.def Info: Figures/knitr.pdf, page13 used on input line 80.
(pdftex.def)             Requested size: 478.52026pt x 677.17151pt.

<Figures/knitr.pdf, id=1825, page=14, 597.23125pt x 845.1575pt>
File: Figures/knitr.pdf Graphic file (type pdf)

<use Figures/knitr.pdf, page 14>
Package pdftex.def Info: Figures/knitr.pdf, page14 used on input line 86.
(pdftex.def)             Requested size: 478.52026pt x 677.17151pt.

<Figures/knitr.pdf, id=1826, page=15, 597.23125pt x 845.1575pt>
File: Figures/knitr.pdf Graphic file (type pdf)

<use Figures/knitr.pdf, page 15>
Package pdftex.def Info: Figures/knitr.pdf, page15 used on input line 92.
(pdftex.def)             Requested size: 478.52026pt x 677.17151pt.

<Figures/knitr.pdf, id=1827, page=16, 597.23125pt x 845.1575pt>
File: Figures/knitr.pdf Graphic file (type pdf)

<use Figures/knitr.pdf, page 16>
Package pdftex.def Info: Figures/knitr.pdf, page16 used on input line 98.
(pdftex.def)             Requested size: 478.52026pt x 677.17151pt.

<Figures/knitr.pdf, id=1828, page=17, 597.23125pt x 845.1575pt>
File: Figures/knitr.pdf Graphic file (type pdf)

<use Figures/knitr.pdf, page 17>
Package pdftex.def Info: Figures/knitr.pdf, page17 used on input line 104.
(pdftex.def)             Requested size: 478.52026pt x 677.17151pt.

<Figures/knitr.pdf, id=1829, page=18, 597.23125pt x 845.1575pt>
File: Figures/knitr.pdf Graphic file (type pdf)

<use Figures/knitr.pdf, page 18>
Package pdftex.def Info: Figures/knitr.pdf, page18 used on input line 110.
(pdftex.def)             Requested size: 478.52026pt x 677.17151pt.
 [103 <./Figures/knitr.pdf>] [104 <./Figures/knitr.pdf>] [105 <./Figures/knitr.
pdf>] [106 <./Figures/knitr.pdf>] [107 <./Figures/knitr.pdf>] [108 <./Figures/k
nitr.pdf>] [109 <./Figures/knitr.pdf>] [110 <./Figures/knitr.pdf>] [111 <./Figu
res/knitr.pdf>] [112 <./Figures/knitr.pdf>]
[113 <./Figures/knitr.pdf>] [114 <./Figures/knitr.pdf>] [115 <./Figures/knitr.p
df>] [116 <./Figures/knitr.pdf>] [117 <./Figures/knitr.pdf>] [118 <./Figures/kn
itr.pdf>] [119 <./Figures/knitr.pdf>]
<Figures/knitr.pdf, id=1959, page=19, 597.23125pt x 845.1575pt>
File: Figures/knitr.pdf Graphic file (type pdf)

<use Figures/knitr.pdf, page 19>
Package pdftex.def Info: Figures/knitr.pdf, page19 used on input line 116.
(pdftex.def)             Requested size: 478.52026pt x 677.17151pt.

<Figures/knitr.pdf, id=1960, page=20, 597.23125pt x 845.1575pt>
File: Figures/knitr.pdf Graphic file (type pdf)

<use Figures/knitr.pdf, page 20>
Package pdftex.def Info: Figures/knitr.pdf, page20 used on input line 122.
(pdftex.def)             Requested size: 478.52026pt x 677.17151pt.

<Figures/knitr.pdf, id=1961, page=21, 597.23125pt x 845.1575pt>
File: Figures/knitr.pdf Graphic file (type pdf)

<use Figures/knitr.pdf, page 21>
Package pdftex.def Info: Figures/knitr.pdf, page21 used on input line 128.
(pdftex.def)             Requested size: 478.52026pt x 677.17151pt.

<Figures/knitr.pdf, id=1962, page=22, 597.23125pt x 845.1575pt>
File: Figures/knitr.pdf Graphic file (type pdf)

<use Figures/knitr.pdf, page 22>
Package pdftex.def Info: Figures/knitr.pdf, page22 used on input line 134.
(pdftex.def)             Requested size: 478.52026pt x 677.17151pt.
) [120 <./Figures/knitr.pdf>] [121 <./Figures/knitr.pdf>] [122 <./Figures/knitr
.pdf>] [123 <./Figures/knitr.pdf>]
------------------------------------------------------------------------------
 References
------------------------------------------------------------------------------
(./Thesis.bbl [124



]
Underfull \hbox (badness 1253) in paragraph at lines 70--75
[]\OT1/cmr/m/n/10.95 Mittleman MA, Mostof-sky E.  Phys-i-cal, psy-cho-log-i-cal
 and chem-i-cal trig-
 []

[125] [126]
Underfull \hbox (badness 2080) in paragraph at lines 173--178
[]\OT1/cmr/m/n/10.95 Willems JL.  Com-puter anal-y-sis of the elec-tro-car-dio-
gram.  En-deav-our.
 []

[127] [128]
Missing character: There is no â in font cmr10!
Missing character: There is no € in font cmr10!
Missing character: There is no  in font cmr10!
Missing character: There is no â in font cmr10!
Missing character: There is no € in font cmr10!
Missing character: There is no  in font cmr10!
Missing character: There is no â in font cmr10!
Missing character: There is no € in font cmr10!
Missing character: There is no  in font cmr10!
Missing character: There is no â in font cmr10!
Missing character: There is no € in font cmr10!
Missing character: There is no  in font cmr10!
Missing character: There is no â in font cmr10!
Missing character: There is no € in font cmr10!
Missing character: There is no  in font cmr10!

Underfull \hbox (badness 4543) in paragraph at lines 306--313
\OT1/cmr/m/n/10.95 able from: [][]$\OT1/cmtt/m/n/10.95 http : / / onlinelibrary
 . wiley . com / doi / 10 . 1111 / j . 1553-[]2712 .
 []

[129]
Underfull \hbox (badness 1735) in paragraph at lines 378--384
\OT1/cmr/m/n/10.95 385.  Avail-able from: [][]$\OT1/cmtt/m/n/10.95 http : / / o
nlinelibrary . wiley . com / doi / 10 . 1111 / j .
 []

[130]
Underfull \hbox (badness 10000) in paragraph at lines 419--422
[]\OT1/cmr/m/n/10.95 Critical Ap-praisal Skills Pro-gramme. Ap-prais-ing the Ev
-i-dence; 2013.
 []


Underfull \hbox (badness 10000) in paragraph at lines 419--422
\OT1/cmr/m/n/10.95 Avail-able from: [][]$\OT1/cmtt/m/n/10.95 http : / / www . c
asp-[]uk . net / find-[]appraise-[]act /
 []

[131] [132] [133]
Underfull \hbox (badness 1460) in paragraph at lines 594--599
\OT1/cmr/m/n/10.95 Statis-tics in Medicine. 2002;21(21):3291---3315.  Avail-abl
e from: [][]$\OT1/cmtt/m/n/10.95 http : / /
 []

[134]
Underfull \hbox (badness 2951) in paragraph at lines 688--694
\OT1/cmr/m/n/10.95 70.  Avail-able from: [][]$\OT1/cmtt/m/n/10.95 http : / / on
linelibrary . wiley . com / doi / 10 . 1111 / j .
 []

[135])
Package atveryend Info: Empty hook `BeforeClearDocument' on input line 280.
 [136]
Package atveryend Info: Empty hook `AfterLastShipout' on input line 280.
 (./Thesis.aux)
Package atveryend Info: Executing hook `AtVeryEndDocument' on input line 280.
Package atveryend Info: Executing hook `AtEndAfterFileList' on input line 280.
Package rerunfilecheck Info: File `Thesis.out' has not changed.
(rerunfilecheck)             Checksum: 17BDA41FB473335E313290DBEC6A0041;15575.


LaTeX Warning: There were multiply-defined labels.

Package atveryend Info: Empty hook `AtVeryVeryEnd' on input line 280.
 ) 
Here is how much of TeX's memory you used:
 13589 strings out of 493488
 201231 string characters out of 3141326
 456353 words of memory out of 3000000
 16092 multiletter control sequences out of 15000+200000
 16692 words of font info for 63 fonts, out of 3000000 for 9000
 957 hyphenation exceptions out of 8191
 49i,12n,46p,1952b,822s stack positions out of 5000i,500n,10000p,200000b,50000s
</usr/local/texlive/2012/texmf-dist/fonts/type1/public/amsfonts/cm/cmbx10.pfb
></usr/local/texlive/2012/texmf-dist/fonts/type1/public/amsfonts/cm/cmbx12.pfb>
</usr/local/texlive/2012/texmf-dist/fonts/type1/public/amsfonts/cm/cmbx6.pfb></
usr/local/texlive/2012/texmf-dist/fonts/type1/public/amsfonts/cm/cmcsc10.pfb></
usr/local/texlive/2012/texmf-dist/fonts/type1/public/amsfonts/cm/cmex10.pfb></u
sr/local/texlive/2012/texmf-dist/fonts/type1/public/amsfonts/cm/cmmi10.pfb></us
r/local/texlive/2012/texmf-dist/fonts/type1/public/amsfonts/cm/cmmi6.pfb></usr/
local/texlive/2012/texmf-dist/fonts/type1/public/amsfonts/cm/cmmi8.pfb></usr/lo
cal/texlive/2012/texmf-dist/fonts/type1/public/amsfonts/cm/cmr10.pfb></usr/loca
l/texlive/2012/texmf-dist/fonts/type1/public/amsfonts/cm/cmr12.pfb></usr/local/
texlive/2012/texmf-dist/fonts/type1/public/amsfonts/cm/cmr17.pfb></usr/local/te
xlive/2012/texmf-dist/fonts/type1/public/amsfonts/cm/cmr6.pfb></usr/local/texli
ve/2012/texmf-dist/fonts/type1/public/amsfonts/cm/cmr8.pfb></usr/local/texlive/
2012/texmf-dist/fonts/type1/public/amsfonts/cm/cmr9.pfb></usr/local/texlive/201
2/texmf-dist/fonts/type1/public/amsfonts/cm/cmsy10.pfb></usr/local/texlive/2012
/texmf-dist/fonts/type1/public/amsfonts/cm/cmti10.pfb></usr/local/texlive/2012/
texmf-dist/fonts/type1/public/amsfonts/cm/cmti12.pfb></usr/local/texlive/2012/t
exmf-dist/fonts/type1/public/amsfonts/cm/cmti7.pfb></usr/local/texlive/2012/tex
mf-dist/fonts/type1/public/amsfonts/cm/cmtt10.pfb></usr/local/texlive/2012/texm
f-dist/fonts/type1/public/amsfonts/symbols/msbm10.pfb>
Output written on Thesis.pdf (148 pages, 5994380 bytes).
PDF statistics:
 2353 PDF objects out of 2487 (max. 8388607)
 1953 compressed objects within 20 object streams
 458 named destinations out of 1000 (max. 500000)
 980 words of extra memory for PDF output out of 10000 (max. 10000000)

